<?xml version="1.0" encoding="UTF-8"?>
<!-- Generated by org.testng.reporters.JUnitXMLReporter -->
<testsuite ignored="0" hostname="LNAR-5CG9244G3N" failures="0" tests="24" name="Default test" time="7.925" errors="0" timestamp="2020-01-16T11:29:41 CST">
  <testcase classname="TestNg.NewTest" name="checkTitle" time="0.02"/>
  <testcase classname="TestNg.NewTest" name="checkTitleAlert" time="0.137"/>
  <testcase classname="TestNg.NewTest" name="changeTitle" time="0.17"/>
  <testcase classname="TestNg.NewTest" name="checkeOwnerNameAlert" time="0.068"/>
  <testcase classname="TestNg.NewTest" name="changeOwnerName" time="0.087"/>
  <testcase classname="TestNg.NewTest" name="checkeGenderAlert" time="0.057"/>
  <testcase classname="TestNg.NewTest" name="changeGender" time="0.071"/>
  <testcase classname="TestNg.NewTest" name="checkeAddressAlert" time="0.072"/>
  <testcase classname="TestNg.NewTest" name="changeAddress" time="0.087"/>
  <testcase classname="TestNg.NewTest" name="checkeCityAlert" time="0.085"/>
  <testcase classname="TestNg.NewTest" name="changeCity" time="0.084"/>
  <testcase classname="TestNg.NewTest" name="checkeStateAlert" time="0.081"/>
  <testcase classname="TestNg.NewTest" name="changeState" time="0.072"/>
  <testcase classname="TestNg.NewTest" name="checkeCountryAlert" time="0.088"/>
  <testcase classname="TestNg.NewTest" name="changeCountry" time="0.183"/>
  <testcase classname="TestNg.NewTest" name="checkeZipAlert" time="0.108"/>
  <testcase classname="TestNg.NewTest" name="changeZip" time="0.069"/>
  <testcase classname="TestNg.NewTest" name="checkeVehicalAlert" time="0.078"/>
  <testcase classname="TestNg.NewTest" name="changeVehical" time="0.083"/>
  <testcase classname="TestNg.NewTest" name="checkeFuelAlert" time="0.061"/>
  <testcase classname="TestNg.NewTest" name="changeFuel" time="0.079"/>
  <testcase classname="TestNg.NewTest" name="checkeMFGAlert" time="0.09"/>
  <testcase classname="TestNg.NewTest" name="changeMFG" time="0.163"/>
  <testcase classname="TestNg.NewTest" name="checkeSuccessAlert" time="0.078"/>
</testsuite> <!-- Default test -->
