<?xml version="1.0" encoding="UTF-8"?>
<testng-results ignored="0" total="24" passed="24" failed="0" skipped="0">
  <reporter-output>
  </reporter-output>
  <suite started-at="2020-01-16T11:29:33 CST" name="Default suite" finished-at="2020-01-16T11:29:41 CST" duration-ms="7925">
    <groups>
    </groups>
    <test started-at="2020-01-16T11:29:33 CST" name="Default test" finished-at="2020-01-16T11:29:41 CST" duration-ms="7925">
      <class name="TestNg.NewTest">
        <test-method is-config="true" signature="openChrome()[pri:0, instance:TestNg.NewTest@574b560f]" started-at="2020-01-16T11:29:33 CST" name="openChrome" finished-at="2020-01-16T11:29:37 CST" duration-ms="3445" status="PASS">
          <reporter-output>
          </reporter-output>
        </test-method> <!-- openChrome -->
        <test-method signature="checkTitle()[pri:1, instance:TestNg.NewTest@574b560f]" started-at="2020-01-16T11:29:37 CST" name="checkTitle" finished-at="2020-01-16T11:29:37 CST" duration-ms="20" status="PASS">
          <reporter-output>
          </reporter-output>
        </test-method> <!-- checkTitle -->
        <test-method signature="checkTitleAlert()[pri:2, instance:TestNg.NewTest@574b560f]" started-at="2020-01-16T11:29:37 CST" name="checkTitleAlert" finished-at="2020-01-16T11:29:37 CST" duration-ms="137" status="PASS">
          <reporter-output>
          </reporter-output>
        </test-method> <!-- checkTitleAlert -->
        <test-method signature="changeTitle()[pri:3, instance:TestNg.NewTest@574b560f]" started-at="2020-01-16T11:29:37 CST" name="changeTitle" finished-at="2020-01-16T11:29:37 CST" duration-ms="170" status="PASS">
          <reporter-output>
          </reporter-output>
        </test-method> <!-- changeTitle -->
        <test-method signature="checkeOwnerNameAlert()[pri:4, instance:TestNg.NewTest@574b560f]" started-at="2020-01-16T11:29:37 CST" name="checkeOwnerNameAlert" finished-at="2020-01-16T11:29:37 CST" duration-ms="68" status="PASS">
          <reporter-output>
          </reporter-output>
        </test-method> <!-- checkeOwnerNameAlert -->
        <test-method signature="changeOwnerName()[pri:5, instance:TestNg.NewTest@574b560f]" started-at="2020-01-16T11:29:37 CST" name="changeOwnerName" finished-at="2020-01-16T11:29:37 CST" duration-ms="87" status="PASS">
          <reporter-output>
          </reporter-output>
        </test-method> <!-- changeOwnerName -->
        <test-method signature="checkeGenderAlert()[pri:6, instance:TestNg.NewTest@574b560f]" started-at="2020-01-16T11:29:37 CST" name="checkeGenderAlert" finished-at="2020-01-16T11:29:37 CST" duration-ms="57" status="PASS">
          <reporter-output>
          </reporter-output>
        </test-method> <!-- checkeGenderAlert -->
        <test-method signature="changeGender()[pri:7, instance:TestNg.NewTest@574b560f]" started-at="2020-01-16T11:29:37 CST" name="changeGender" finished-at="2020-01-16T11:29:37 CST" duration-ms="71" status="PASS">
          <reporter-output>
          </reporter-output>
        </test-method> <!-- changeGender -->
        <test-method signature="checkeAddressAlert()[pri:8, instance:TestNg.NewTest@574b560f]" started-at="2020-01-16T11:29:37 CST" name="checkeAddressAlert" finished-at="2020-01-16T11:29:37 CST" duration-ms="72" status="PASS">
          <reporter-output>
          </reporter-output>
        </test-method> <!-- checkeAddressAlert -->
        <test-method signature="changeAddress()[pri:9, instance:TestNg.NewTest@574b560f]" started-at="2020-01-16T11:29:37 CST" name="changeAddress" finished-at="2020-01-16T11:29:37 CST" duration-ms="87" status="PASS">
          <reporter-output>
          </reporter-output>
        </test-method> <!-- changeAddress -->
        <test-method signature="checkeCityAlert()[pri:10, instance:TestNg.NewTest@574b560f]" started-at="2020-01-16T11:29:37 CST" name="checkeCityAlert" finished-at="2020-01-16T11:29:37 CST" duration-ms="85" status="PASS">
          <reporter-output>
          </reporter-output>
        </test-method> <!-- checkeCityAlert -->
        <test-method signature="changeCity()[pri:11, instance:TestNg.NewTest@574b560f]" started-at="2020-01-16T11:29:37 CST" name="changeCity" finished-at="2020-01-16T11:29:38 CST" duration-ms="84" status="PASS">
          <reporter-output>
          </reporter-output>
        </test-method> <!-- changeCity -->
        <test-method signature="checkeStateAlert()[pri:12, instance:TestNg.NewTest@574b560f]" started-at="2020-01-16T11:29:38 CST" name="checkeStateAlert" finished-at="2020-01-16T11:29:38 CST" duration-ms="81" status="PASS">
          <reporter-output>
          </reporter-output>
        </test-method> <!-- checkeStateAlert -->
        <test-method signature="changeState()[pri:13, instance:TestNg.NewTest@574b560f]" started-at="2020-01-16T11:29:38 CST" name="changeState" finished-at="2020-01-16T11:29:38 CST" duration-ms="72" status="PASS">
          <reporter-output>
          </reporter-output>
        </test-method> <!-- changeState -->
        <test-method signature="checkeCountryAlert()[pri:14, instance:TestNg.NewTest@574b560f]" started-at="2020-01-16T11:29:38 CST" name="checkeCountryAlert" finished-at="2020-01-16T11:29:38 CST" duration-ms="88" status="PASS">
          <reporter-output>
          </reporter-output>
        </test-method> <!-- checkeCountryAlert -->
        <test-method signature="changeCountry()[pri:15, instance:TestNg.NewTest@574b560f]" started-at="2020-01-16T11:29:38 CST" name="changeCountry" finished-at="2020-01-16T11:29:38 CST" duration-ms="183" status="PASS">
          <reporter-output>
          </reporter-output>
        </test-method> <!-- changeCountry -->
        <test-method signature="checkeZipAlert()[pri:16, instance:TestNg.NewTest@574b560f]" started-at="2020-01-16T11:29:38 CST" name="checkeZipAlert" finished-at="2020-01-16T11:29:38 CST" duration-ms="108" status="PASS">
          <reporter-output>
          </reporter-output>
        </test-method> <!-- checkeZipAlert -->
        <test-method signature="changeZip()[pri:17, instance:TestNg.NewTest@574b560f]" started-at="2020-01-16T11:29:38 CST" name="changeZip" finished-at="2020-01-16T11:29:38 CST" duration-ms="69" status="PASS">
          <reporter-output>
          </reporter-output>
        </test-method> <!-- changeZip -->
        <test-method signature="checkeVehicalAlert()[pri:18, instance:TestNg.NewTest@574b560f]" started-at="2020-01-16T11:29:38 CST" name="checkeVehicalAlert" finished-at="2020-01-16T11:29:38 CST" duration-ms="78" status="PASS">
          <reporter-output>
          </reporter-output>
        </test-method> <!-- checkeVehicalAlert -->
        <test-method signature="changeVehical()[pri:19, instance:TestNg.NewTest@574b560f]" started-at="2020-01-16T11:29:38 CST" name="changeVehical" finished-at="2020-01-16T11:29:38 CST" duration-ms="83" status="PASS">
          <reporter-output>
          </reporter-output>
        </test-method> <!-- changeVehical -->
        <test-method signature="checkeFuelAlert()[pri:20, instance:TestNg.NewTest@574b560f]" started-at="2020-01-16T11:29:38 CST" name="checkeFuelAlert" finished-at="2020-01-16T11:29:38 CST" duration-ms="61" status="PASS">
          <reporter-output>
          </reporter-output>
        </test-method> <!-- checkeFuelAlert -->
        <test-method signature="changeFuel()[pri:21, instance:TestNg.NewTest@574b560f]" started-at="2020-01-16T11:29:38 CST" name="changeFuel" finished-at="2020-01-16T11:29:38 CST" duration-ms="79" status="PASS">
          <reporter-output>
          </reporter-output>
        </test-method> <!-- changeFuel -->
        <test-method signature="checkeMFGAlert()[pri:22, instance:TestNg.NewTest@574b560f]" started-at="2020-01-16T11:29:38 CST" name="checkeMFGAlert" finished-at="2020-01-16T11:29:39 CST" duration-ms="90" status="PASS">
          <reporter-output>
          </reporter-output>
        </test-method> <!-- checkeMFGAlert -->
        <test-method signature="changeMFG()[pri:23, instance:TestNg.NewTest@574b560f]" started-at="2020-01-16T11:29:39 CST" name="changeMFG" finished-at="2020-01-16T11:29:39 CST" duration-ms="163" status="PASS">
          <reporter-output>
          </reporter-output>
        </test-method> <!-- changeMFG -->
        <test-method signature="checkeSuccessAlert()[pri:24, instance:TestNg.NewTest@574b560f]" started-at="2020-01-16T11:29:39 CST" name="checkeSuccessAlert" finished-at="2020-01-16T11:29:39 CST" duration-ms="78" status="PASS">
          <reporter-output>
          </reporter-output>
        </test-method> <!-- checkeSuccessAlert -->
        <test-method is-config="true" signature="afterTests()[pri:0, instance:TestNg.NewTest@574b560f]" started-at="2020-01-16T11:29:39 CST" name="afterTests" finished-at="2020-01-16T11:29:41 CST" duration-ms="2207" status="PASS">
          <reporter-output>
          </reporter-output>
        </test-method> <!-- afterTests -->
      </class> <!-- TestNg.NewTest -->
    </test> <!-- Default test -->
  </suite> <!-- Default suite -->
</testng-results>
